
=== Tue Aug  4 21:14:04 2020

Packages were changed.
Update Mode: updateDependencies

The following packages were added:
  com.unity.ide.visualstudio@2.0.2
The following packages were updated:
  com.unity.collab-proxy from version 1.2.16 to 1.3.8
  com.unity.ide.rider from version 1.1.4 to 1.2.1
  com.unity.ide.vscode from version 1.2.0 to 1.2.1
  com.unity.textmeshpro from version 2.0.1 to 3.0.0-preview.1

=== Fri Jan  8 13:23:37 2021

Packages were changed.
Update Mode: updateDependencies

The following packages were updated:
  com.unity.collab-proxy from version 1.3.8 to 1.3.9
  com.unity.ext.nunit from version 1.0.0 to 1.0.5
  com.unity.ide.rider from version 1.2.1 to 2.0.7
  com.unity.ide.visualstudio from version 2.0.2 to 2.0.5
  com.unity.ide.vscode from version 1.2.1 to 1.2.3
  com.unity.test-framework from version 1.1.14 to 1.1.19
  com.unity.textmeshpro from version 3.0.0-preview.1 to 3.0.1

=== Tue Mar  2 21:44:03 2021

Packages were changed.
Update Mode: updateDependencies

The following packages were updated:
  com.unity.ext.nunit from version 1.0.5 to 1.0.6
  com.unity.test-framework from version 1.1.19 to 1.1.22
  com.unity.timeline from version 1.2.14 to 1.4.6

=== Tue May  4 14:07:53 2021

Packages were changed.
Update Mode: updateDependencies

The following packages were updated:
  com.unity.timeline from version 1.4.6 to 1.4.7

=== Wed Mar  9 12:13:21 2022

Packages were changed.
Update Mode: updateDependencies

The following packages were updated:
  com.unity.collab-proxy from version 1.3.9 to 1.15.12
  com.unity.ide.visualstudio from version 2.0.7 to 2.0.14
  com.unity.ide.vscode from version 1.2.3 to 1.2.4
  com.unity.test-framework from version 1.1.24 to 1.1.29
  com.unity.textmeshpro from version 3.0.4 to 3.0.6
  com.unity.timeline from version 1.4.7 to 1.4.8
